# JRE version: OpenJDK Runtime Environment Temurin-17.0.11+9 (17.0.11+9) (build 17.0.11+9)
# Java VM: OpenJDK 64-Bit Server VM Temurin-17.0.11+9 (17.0.11+9, mixed mode, emulated-client, tiered, compressed oops, compressed class ptrs, g1 gc, windows-amd64)
GC Precious Log:
 CPUs: 4 total, 4 available
 Memory: 11982M
 Large Page Support: Disabled
 NUMA Support: Disabled
 Compressed Oops: Enabled (32-bit)
 Heap Region Size: 1M
 Heap Min Capacity: 8M
 Heap Initial Capacity: 188M
 Heap Max Capacity: 1G
 Pre-touch: Disabled
 Parallel Workers: 4
 Concurrent Workers: 1
 Concurrent Refinement Workers: 4
 Periodic GC: Disabled
Heap:
 garbage-first heap   total 78848K, used 36199K [0x00000000c0000000, 0x0000000100000000)
  region size 1024K, 11 young (11264K), 3 survivors (3072K)
 Metaspace       used 37401K, committed 37760K, reserved 1114112K
  class space    used 4648K, committed 4800K, reserved 1048576K
GC Heap History (14 events):
Event: 19.499 GC heap before
{Heap before GC invocations=0 (full 0):
 garbage-first heap   total 192512K, used 16384K [0x00000000c0000000, 0x0000000100000000)
  region size 1024K, 13 young (13312K), 0 survivors (0K)
 Metaspace       used 5228K, committed 5312K, reserved 1114112K
  class space    used 486K, committed 512K, reserved 1048576K
}
Event: 21.550 GC heap after
{Heap after GC invocations=1 (full 0):
 garbage-first heap   total 192512K, used 11446K [0x00000000c0000000, 0x0000000100000000)
  region size 1024K, 2 young (2048K), 2 survivors (2048K)
 Metaspace       used 5228K, committed 5312K, reserved 1114112K
  class space    used 486K, committed 512K, reserved 1048576K
}
Event: 31.448 GC heap before
{Heap before GC invocations=1 (full 0):
 garbage-first heap   total 192512K, used 21686K [0x00000000c0000000, 0x0000000100000000)
  region size 1024K, 11 young (11264K), 2 survivors (2048K)
 Metaspace       used 7747K, committed 7936K, reserved 1114112K
  class space    used 825K, committed 896K, reserved 1048576K
}
Event: 31.459 GC heap after
{Heap after GC invocations=2 (full 0):
 garbage-first heap   total 192512K, used 15570K [0x00000000c0000000, 0x0000000100000000)
  region size 1024K, 2 young (2048K), 2 survivors (2048K)
 Metaspace       used 7747K, committed 7936K, reserved 1114112K
  class space    used 825K, committed 896K, reserved 1048576K
}
Event: 49.422 GC heap before
{Heap before GC invocations=2 (full 0):
 garbage-first heap   total 192512K, used 34002K [0x00000000c0000000, 0x0000000100000000)
  region size 1024K, 20 young (20480K), 2 survivors (2048K)
 Metaspace       used 12326K, committed 12544K, reserved 1114112K
  class space    used 1500K, committed 1600K, reserved 1048576K
}
Event: 49.426 GC heap after
{Heap after GC invocations=3 (full 0):
 garbage-first heap   total 192512K, used 16874K [0x00000000c0000000, 0x0000000100000000)
  region size 1024K, 2 young (2048K), 2 survivors (2048K)
 Metaspace       used 12326K, committed 12544K, reserved 1114112K
  class space    used 1500K, committed 1600K, reserved 1048576K
}
Event: 70.735 GC heap before
{Heap before GC invocations=3 (full 0):
 garbage-first heap   total 192512K, used 58858K [0x00000000c0000000, 0x0000000100000000)
  region size 1024K, 44 young (45056K), 2 survivors (2048K)
 Metaspace       used 21252K, committed 21504K, reserved 1114112K
  class space    used 2647K, committed 2816K, reserved 1048576K
}
Event: 70.742 GC heap after
{Heap after GC invocations=4 (full 0):
 garbage-first heap   total 192512K, used 20594K [0x00000000c0000000, 0x0000000100000000)
  region size 1024K, 5 young (5120K), 5 survivors (5120K)
 Metaspace       used 21252K, committed 21504K, reserved 1114112K
  class space    used 2647K, committed 2816K, reserved 1048576K
}
Event: 73.371 GC heap before
{Heap before GC invocations=5 (full 0):
 garbage-first heap   total 78848K, used 61554K [0x00000000c0000000, 0x0000000100000000)
  region size 1024K, 46 young (47104K), 5 survivors (5120K)
 Metaspace       used 28200K, committed 28480K, reserved 1114112K
  class space    used 3522K, committed 3648K, reserved 1048576K
}
Event: 73.383 GC heap after
{Heap after GC invocations=6 (full 0):
 garbage-first heap   total 78848K, used 24198K [0x00000000c0000000, 0x0000000100000000)
  region size 1024K, 4 young (4096K), 4 survivors (4096K)
 Metaspace       used 28200K, committed 28480K, reserved 1114112K
  class space    used 3522K, committed 3648K, reserved 1048576K
}
Event: 75.278 GC heap before
{Heap before GC invocations=6 (full 0):
 garbage-first heap   total 78848K, used 52870K [0x00000000c0000000, 0x0000000100000000)
  region size 1024K, 33 young (33792K), 4 survivors (4096K)
 Metaspace       used 32357K, committed 32768K, reserved 1114112K
  class space    used 4112K, committed 4288K, reserved 1048576K
}
Event: 75.290 GC heap after
{Heap after GC invocations=7 (full 0):
 garbage-first heap   total 78848K, used 27152K [0x00000000c0000000, 0x0000000100000000)
  region size 1024K, 4 young (4096K), 4 survivors (4096K)
 Metaspace       used 32357K, committed 32768K, reserved 1114112K
  class space    used 4112K, committed 4288K, reserved 1048576K
}
Event: 76.267 GC heap before
{Heap before GC invocations=7 (full 0):
 garbage-first heap   total 78848K, used 46608K [0x00000000c0000000, 0x0000000100000000)
  region size 1024K, 23 young (23552K), 4 survivors (4096K)
 Metaspace       used 35717K, committed 36096K, reserved 1114112K
  class space    used 4405K, committed 4608K, reserved 1048576K
}
Event: 76.278 GC heap after
{Heap after GC invocations=8 (full 0):
 garbage-first heap   total 78848K, used 29031K [0x00000000c0000000, 0x0000000100000000)
  region size 1024K, 3 young (3072K), 3 survivors (3072K)
 Metaspace       used 35717K, committed 36096K, reserved 1114112K
  class space    used 4405K, committed 4608K, reserved 1048576K
}

